c:\users\teemu\desktop\opinnäytetyö_0.01\opinnäytetyö_0.01\x64\debug\vc140.pdb
c:\users\teemu\desktop\opinnäytetyö_0.01\opinnäytetyö_0.01\x64\debug\vc140.idb
c:\users\teemu\desktop\opinnäytetyö_0.01\opinnäytetyö_0.01\x64\debug\actor.obj
c:\users\teemu\desktop\opinnäytetyö_0.01\opinnäytetyö_0.01\x64\debug\camera.obj
c:\users\teemu\desktop\opinnäytetyö_0.01\opinnäytetyö_0.01\x64\debug\common.obj
c:\users\teemu\desktop\opinnäytetyö_0.01\opinnäytetyö_0.01\x64\debug\directxdevice.obj
c:\users\teemu\desktop\opinnäytetyö_0.01\opinnäytetyö_0.01\x64\debug\engine.obj
c:\users\teemu\desktop\opinnäytetyö_0.01\opinnäytetyö_0.01\x64\debug\fullscreenquad.obj
c:\users\teemu\desktop\opinnäytetyö_0.01\opinnäytetyö_0.01\x64\debug\geobuffer.obj
c:\users\teemu\desktop\opinnäytetyö_0.01\opinnäytetyö_0.01\x64\debug\geometryshader.obj
c:\users\teemu\desktop\opinnäytetyö_0.01\opinnäytetyö_0.01\x64\debug\lightshader.obj
c:\users\teemu\desktop\opinnäytetyö_0.01\opinnäytetyö_0.01\x64\debug\main.obj
c:\users\teemu\desktop\opinnäytetyö_0.01\opinnäytetyö_0.01\x64\debug\mesh.obj
c:\users\teemu\desktop\opinnäytetyö_0.01\opinnäytetyö_0.01\x64\debug\model.obj
c:\users\teemu\desktop\opinnäytetyö_0.01\opinnäytetyö_0.01\x64\debug\renderer.obj
c:\users\teemu\desktop\opinnäytetyö_0.01\opinnäytetyö_0.01\x64\debug\texture.obj
c:\users\teemu\desktop\opinnäytetyö_0.01\opinnäytetyö_0.01\x64\debug\timer.obj
c:\users\teemu\desktop\opinnäytetyö_0.01\opinnäytetyö_0.01\x64\debug\window.obj
c:\users\teemu\desktop\opinnäytetyö_0.01\opinnäytetyö_0.01\x64\debug\userinterface.obj
c:\users\teemu\desktop\opinnäytetyö_0.01\x64\debug\opinnäytetyö_0.01.ilk
c:\users\teemu\desktop\opinnäytetyö_0.01\x64\debug\opinnäytetyö_0.01.exe
c:\users\teemu\desktop\opinnäytetyö_0.01\x64\debug\opinnäytetyö_0.01.pdb
c:\users\teemu\desktop\opinnäytetyö_0.01\opinnäytetyö_0.01\x64\debug\directxdevice.obj.enc
c:\users\teemu\desktop\opinnäytetyö_0.01\opinnäytetyö_0.01\x64\debug\opinnäyt.68d0cc8d.tlog\cl.command.1.tlog
c:\users\teemu\desktop\opinnäytetyö_0.01\opinnäytetyö_0.01\x64\debug\opinnäyt.68d0cc8d.tlog\cl.read.1.tlog
c:\users\teemu\desktop\opinnäytetyö_0.01\opinnäytetyö_0.01\x64\debug\opinnäyt.68d0cc8d.tlog\cl.write.1.tlog
c:\users\teemu\desktop\opinnäytetyö_0.01\opinnäytetyö_0.01\x64\debug\opinnäyt.68d0cc8d.tlog\fxc.command.1.tlog
c:\users\teemu\desktop\opinnäytetyö_0.01\opinnäytetyö_0.01\x64\debug\opinnäyt.68d0cc8d.tlog\fxc.read.1.tlog
c:\users\teemu\desktop\opinnäytetyö_0.01\opinnäytetyö_0.01\x64\debug\opinnäyt.68d0cc8d.tlog\fxc.write.1.tlog
c:\users\teemu\desktop\opinnäytetyö_0.01\opinnäytetyö_0.01\x64\debug\opinnäyt.68d0cc8d.tlog\link.command.1.tlog
c:\users\teemu\desktop\opinnäytetyö_0.01\opinnäytetyö_0.01\x64\debug\opinnäyt.68d0cc8d.tlog\link.read.1.tlog
c:\users\teemu\desktop\opinnäytetyö_0.01\opinnäytetyö_0.01\x64\debug\opinnäyt.68d0cc8d.tlog\link.write.1.tlog
c:\users\teemu\desktop\opinnäytetyö_0.01\opinnäytetyö_0.01\x64\debug\opinnäyt.68d0cc8d.tlog\opinnäytetyö_0.01.write.1u.tlog
